<?xml version="1.0" encoding="UTF-8"?>
<!-- Generated by org.testng.reporters.JUnitXMLReporter -->
<testsuite ignored="3" hostname="TVDI-027" failures="0" tests="1" name="Default test" time="9.468" errors="0" timestamp="2023-05-26T11:23:09 IST">
  <testcase classname="com.test.Addresses" name="getPrimaryAddress" time="8.504"/>
  <testcase classname="com.test.Addresses" name="postAddressCreation" time="0.0">
    <ignored/>
  </testcase> <!-- postAddressCreation -->
  <testcase classname="com.test.Addresses" name="getListData" time="0.0">
    <ignored/>
  </testcase> <!-- getListData -->
  <testcase classname="com.test.Addresses" name="getListAddresses" time="0.0">
    <ignored/>
  </testcase> <!-- getListAddresses -->
</testsuite> <!-- Default test -->
